  ANDROID_HOME=C:\Program Files (x86)\Android\android-sdk
  ANDROID_SDK_ROOT=C:\Program Files (x86)\Android\android-sdk
  ANT_HOME=
  JAVA_HOME=C:\Program Files\Android\jdk\jdk-8.0.302.8-hotspot\jdk8u302-b08
  NDK_ROOT=C:\\Microsoft\AndroidNDK\android-ndk-r23c
  pch.h
  In file included from <built-in>:402:
<command line>(1,9): warning : '__ANDROID_API__' macro redefined [-Wmacro-redefined]
  #define __ANDROID_API__ 19
          ^
  <built-in>(393,9): note: previous definition is here
  #define __ANDROID_API__ __ANDROID_MIN_SDK_VERSION__
          ^
  1 warning generated.
  VPNBusinessLogic.cpp
  In file included from C:\Users\Ashraz Rashid\Documents\WorkSpace\VPNApplication\VPNBusinessLogic\VPNBusinessLogic\VPNBusinessLogic.Shared\VPNBusinessLogic.cpp:1:
C:\Users\Ashraz Rashid\Documents\WorkSpace\VPNApplication\VPNBusinessLogic\VPNBusinessLogic\VPNBusinessLogic.Shared\/VPNBusinessLogic.h(4,10): fatal error : 'curlpp/cURLpp.hpp' file not found
  #include <curlpp/cURLpp.hpp>
           ^~~~~~~~~~~~~~~~~~~
  1 error generated.
